# JRE version: OpenJDK Runtime Environment GraalVM CE 22.3.0 (17.0.5+8) (build 17.0.5+8-jvmci-22.3-b08)
# Java VM: OpenJDK 64-Bit Server VM GraalVM CE 22.3.0 (17.0.5+8-jvmci-22.3-b08, mixed mode, sharing, tiered, jvmci, jvmci compiler, compressed oops, compressed class ptrs, parallel gc, linux-amd64)
GC Precious Log:
 CPUs: 8 total, 1 available
 Memory: 1024M
 Large Page Support: Disabled
 NUMA Support: Disabled
 Compressed Oops: Enabled (32-bit)
 Alignments: Space 512K, Generation 512K, Heap 2M
 Heap Min Capacity: 100M
 Heap Initial Capacity: 100M
 Heap Max Capacity: 512M
 Pre-touch: Disabled
 Parallel Workers: 1
Heap:
 PSYoungGen      total 64000K, used 46592K [0x00000000f5580000, 0x00000000fa700000, 0x0000000100000000)
  eden space 46592K, 100% used [0x00000000f5580000,0x00000000f8300000,0x00000000f8300000)
  from space 17408K, 0% used [0x00000000f8300000,0x00000000f8300000,0x00000000f9400000)
  to   space 16896K, 0% used [0x00000000f9680000,0x00000000f9680000,0x00000000fa700000)
 ParOldGen       total 349696K, used 349696K [0x00000000e0000000, 0x00000000f5580000, 0x00000000f5580000)
  object space 349696K, 100% used [0x00000000e0000000,0x00000000f5580000,0x00000000f5580000)
 Metaspace       used 56709K, committed 57664K, reserved 1105920K
  class space    used 5568K, committed 6016K, reserved 1048576K
GC Heap History (20 events):
Event: 1358.413 GC heap before
{Heap before GC invocations=1025 (full 934):
 PSYoungGen      total 64000K, used 46591K [0x00000000f5580000, 0x00000000fa700000, 0x0000000100000000)
  eden space 46592K, 99% used [0x00000000f5580000,0x00000000f82ffff0,0x00000000f8300000)
  from space 17408K, 0% used [0x00000000f8300000,0x00000000f8300000,0x00000000f9400000)
  to   space 16896K, 0% used [0x00000000f9680000,0x00000000f9680000,0x00000000fa700000)
 ParOldGen       total 349696K, used 349691K [0x00000000e0000000, 0x00000000f5580000, 0x00000000f5580000)
  object space 349696K, 99% used [0x00000000e0000000,0x00000000f557ec38,0x00000000f5580000)
 Metaspace       used 56709K, committed 57664K, reserved 1105920K
  class space    used 5568K, committed 6016K, reserved 1048576K
}
Event: 1359.867 GC heap after
{Heap after GC invocations=1025 (full 934):
 PSYoungGen      total 63488K, used 46591K [0x00000000f5580000, 0x00000000fa700000, 0x0000000100000000)
  eden space 46592K, 99% used [0x00000000f5580000,0x00000000f82fff40,0x00000000f8300000)
  from space 16896K, 0% used [0x00000000f9680000,0x00000000f9680000,0x00000000fa700000)
  to   space 17408K, 0% used [0x00000000f8300000,0x00000000f8300000,0x00000000f9400000)
 ParOldGen       total 349696K, used 349691K [0x00000000e0000000, 0x00000000f5580000, 0x00000000f5580000)
  object space 349696K, 99% used [0x00000000e0000000,0x00000000f557ec38,0x00000000f5580000)
 Metaspace       used 56709K, committed 57664K, reserved 1105920K
  class space    used 5568K, committed 6016K, reserved 1048576K
}
Event: 1359.872 GC heap before
{Heap before GC invocations=1026 (full 935):
 PSYoungGen      total 63488K, used 46591K [0x00000000f5580000, 0x00000000fa700000, 0x0000000100000000)
  eden space 46592K, 99% used [0x00000000f5580000,0x00000000f82fffe8,0x00000000f8300000)
  from space 16896K, 0% used [0x00000000f9680000,0x00000000f9680000,0x00000000fa700000)
  to   space 17408K, 0% used [0x00000000f8300000,0x00000000f8300000,0x00000000f9400000)
 ParOldGen       total 349696K, used 349691K [0x00000000e0000000, 0x00000000f5580000, 0x00000000f5580000)
  object space 349696K, 99% used [0x00000000e0000000,0x00000000f557ec38,0x00000000f5580000)
 Metaspace       used 56709K, committed 57664K, reserved 1105920K
  class space    used 5568K, committed 6016K, reserved 1048576K
}
Event: 1361.181 GC heap after
{Heap after GC invocations=1026 (full 935):
 PSYoungGen      total 64000K, used 46591K [0x00000000f5580000, 0x00000000fa700000, 0x0000000100000000)
  eden space 46592K, 99% used [0x00000000f5580000,0x00000000f82fffc8,0x00000000f8300000)
  from space 17408K, 0% used [0x00000000f8300000,0x00000000f8300000,0x00000000f9400000)
  to   space 16896K, 0% used [0x00000000f9680000,0x00000000f9680000,0x00000000fa700000)
 ParOldGen       total 349696K, used 349691K [0x00000000e0000000, 0x00000000f5580000, 0x00000000f5580000)
  object space 349696K, 99% used [0x00000000e0000000,0x00000000f557ec38,0x00000000f5580000)
 Metaspace       used 56709K, committed 57664K, reserved 1105920K
  class space    used 5568K, committed 6016K, reserved 1048576K
}
Event: 1361.182 GC heap before
{Heap before GC invocations=1027 (full 936):
 PSYoungGen      total 64000K, used 46592K [0x00000000f5580000, 0x00000000fa700000, 0x0000000100000000)
  eden space 46592K, 100% used [0x00000000f5580000,0x00000000f8300000,0x00000000f8300000)
  from space 17408K, 0% used [0x00000000f8300000,0x00000000f8300000,0x00000000f9400000)
  to   space 16896K, 0% used [0x00000000f9680000,0x00000000f9680000,0x00000000fa700000)
 ParOldGen       total 349696K, used 349691K [0x00000000e0000000, 0x00000000f5580000, 0x00000000f5580000)
  object space 349696K, 99% used [0x00000000e0000000,0x00000000f557ec38,0x00000000f5580000)
 Metaspace       used 56709K, committed 57664K, reserved 1105920K
  class space    used 5568K, committed 6016K, reserved 1048576K
}
Event: 1362.483 GC heap after
{Heap after GC invocations=1027 (full 936):
 PSYoungGen      total 63488K, used 46592K [0x00000000f5580000, 0x00000000fa700000, 0x0000000100000000)
  eden space 46592K, 100% used [0x00000000f5580000,0x00000000f8300000,0x00000000f8300000)
  from space 16896K, 0% used [0x00000000f9680000,0x00000000f9680000,0x00000000fa700000)
  to   space 17408K, 0% used [0x00000000f8300000,0x00000000f8300000,0x00000000f9400000)
 ParOldGen       total 349696K, used 349691K [0x00000000e0000000, 0x00000000f5580000, 0x00000000f5580000)
  object space 349696K, 99% used [0x00000000e0000000,0x00000000f557ec38,0x00000000f5580000)
 Metaspace       used 56709K, committed 57664K, reserved 1105920K
  class space    used 5568K, committed 6016K, reserved 1048576K
}
Event: 1362.484 GC heap before
{Heap before GC invocations=1028 (full 937):
 PSYoungGen      total 63488K, used 46592K [0x00000000f5580000, 0x00000000fa700000, 0x0000000100000000)
  eden space 46592K, 100% used [0x00000000f5580000,0x00000000f8300000,0x00000000f8300000)
  from space 16896K, 0% used [0x00000000f9680000,0x00000000f9680000,0x00000000fa700000)
  to   space 17408K, 0% used [0x00000000f8300000,0x00000000f8300000,0x00000000f9400000)
 ParOldGen       total 349696K, used 349695K [0x00000000e0000000, 0x00000000f5580000, 0x00000000f5580000)
  object space 349696K, 99% used [0x00000000e0000000,0x00000000f557fc38,0x00000000f5580000)
 Metaspace       used 56709K, committed 57664K, reserved 1105920K
  class space    used 5568K, committed 6016K, reserved 1048576K
}
Event: 1363.894 GC heap after
{Heap after GC invocations=1028 (full 937):
 PSYoungGen      total 64000K, used 46591K [0x00000000f5580000, 0x00000000fa700000, 0x0000000100000000)
  eden space 46592K, 99% used [0x00000000f5580000,0x00000000f82fffc0,0x00000000f8300000)
  from space 17408K, 0% used [0x00000000f8300000,0x00000000f8300000,0x00000000f9400000)
  to   space 16896K, 0% used [0x00000000f9680000,0x00000000f9680000,0x00000000fa700000)
 ParOldGen       total 349696K, used 349694K [0x00000000e0000000, 0x00000000f5580000, 0x00000000f5580000)
  object space 349696K, 99% used [0x00000000e0000000,0x00000000f557f970,0x00000000f5580000)
 Metaspace       used 56709K, committed 57664K, reserved 1105920K
  class space    used 5568K, committed 6016K, reserved 1048576K
}
Event: 1363.895 GC heap before
{Heap before GC invocations=1029 (full 938):
 PSYoungGen      total 64000K, used 46592K [0x00000000f5580000, 0x00000000fa700000, 0x0000000100000000)
  eden space 46592K, 100% used [0x00000000f5580000,0x00000000f8300000,0x00000000f8300000)
  from space 17408K, 0% used [0x00000000f8300000,0x00000000f8300000,0x00000000f9400000)
  to   space 16896K, 0% used [0x00000000f9680000,0x00000000f9680000,0x00000000fa700000)
 ParOldGen       total 349696K, used 349696K [0x00000000e0000000, 0x00000000f5580000, 0x00000000f5580000)
  object space 349696K, 100% used [0x00000000e0000000,0x00000000f5580000,0x00000000f5580000)
 Metaspace       used 56709K, committed 57664K, reserved 1105920K
  class space    used 5568K, committed 6016K, reserved 1048576K
}
Event: 1365.203 GC heap after
{Heap after GC invocations=1029 (full 938):
 PSYoungGen      total 63488K, used 46591K [0x00000000f5580000, 0x00000000fa700000, 0x0000000100000000)
  eden space 46592K, 99% used [0x00000000f5580000,0x00000000f82fffc0,0x00000000f8300000)
  from space 16896K, 0% used [0x00000000f9680000,0x00000000f9680000,0x00000000fa700000)
  to   space 17408K, 0% used [0x00000000f8300000,0x00000000f8300000,0x00000000f9400000)
 ParOldGen       total 349696K, used 349695K [0x00000000e0000000, 0x00000000f5580000, 0x00000000f5580000)
  object space 349696K, 99% used [0x00000000e0000000,0x00000000f557fc70,0x00000000f5580000)
 Metaspace       used 56709K, committed 57664K, reserved 1105920K
  class space    used 5568K, committed 6016K, reserved 1048576K
}
Event: 1365.204 GC heap before
{Heap before GC invocations=1030 (full 939):
 PSYoungGen      total 63488K, used 46592K [0x00000000f5580000, 0x00000000fa700000, 0x0000000100000000)
  eden space 46592K, 100% used [0x00000000f5580000,0x00000000f8300000,0x00000000f8300000)
  from space 16896K, 0% used [0x00000000f9680000,0x00000000f9680000,0x00000000fa700000)
  to   space 17408K, 0% used [0x00000000f8300000,0x00000000f8300000,0x00000000f9400000)
 ParOldGen       total 349696K, used 349695K [0x00000000e0000000, 0x00000000f5580000, 0x00000000f5580000)
  object space 349696K, 99% used [0x00000000e0000000,0x00000000f557fc70,0x00000000f5580000)
 Metaspace       used 56709K, committed 57664K, reserved 1105920K
  class space    used 5568K, committed 6016K, reserved 1048576K
}
Event: 1366.584 GC heap after
{Heap after GC invocations=1030 (full 939):
 PSYoungGen      total 64000K, used 46591K [0x00000000f5580000, 0x00000000fa700000, 0x0000000100000000)
  eden space 46592K, 99% used [0x00000000f5580000,0x00000000f82fffc0,0x00000000f8300000)
  from space 17408K, 0% used [0x00000000f8300000,0x00000000f8300000,0x00000000f9400000)
  to   space 16896K, 0% used [0x00000000f9680000,0x00000000f9680000,0x00000000fa700000)
 ParOldGen       total 349696K, used 349695K [0x00000000e0000000, 0x00000000f5580000, 0x00000000f5580000)
  object space 349696K, 99% used [0x00000000e0000000,0x00000000f557fc70,0x00000000f5580000)
 Metaspace       used 56709K, committed 57664K, reserved 1105920K
  class space    used 5568K, committed 6016K, reserved 1048576K
}
Event: 1366.584 GC heap before
{Heap before GC invocations=1031 (full 940):
 PSYoungGen      total 64000K, used 46592K [0x00000000f5580000, 0x00000000fa700000, 0x0000000100000000)
  eden space 46592K, 100% used [0x00000000f5580000,0x00000000f8300000,0x00000000f8300000)
  from space 17408K, 0% used [0x00000000f8300000,0x00000000f8300000,0x00000000f9400000)
  to   space 16896K, 0% used [0x00000000f9680000,0x00000000f9680000,0x00000000fa700000)
 ParOldGen       total 349696K, used 349695K [0x00000000e0000000, 0x00000000f5580000, 0x00000000f5580000)
  object space 349696K, 99% used [0x00000000e0000000,0x00000000f557fc70,0x00000000f5580000)
 Metaspace       used 56709K, committed 57664K, reserved 1105920K
  class space    used 5568K, committed 6016K, reserved 1048576K
}
Event: 1368.007 GC heap after
{Heap after GC invocations=1031 (full 940):
 PSYoungGen      total 63488K, used 46591K [0x00000000f5580000, 0x00000000fa700000, 0x0000000100000000)
  eden space 46592K, 99% used [0x00000000f5580000,0x00000000f82fffc0,0x00000000f8300000)
  from space 16896K, 0% used [0x00000000f9680000,0x00000000f9680000,0x00000000fa700000)
  to   space 17408K, 0% used [0x00000000f8300000,0x00000000f8300000,0x00000000f9400000)
 ParOldGen       total 349696K, used 349695K [0x00000000e0000000, 0x00000000f5580000, 0x00000000f5580000)
  object space 349696K, 99% used [0x00000000e0000000,0x00000000f557fc70,0x00000000f5580000)
 Metaspace       used 56709K, committed 57664K, reserved 1105920K
  class space    used 5568K, committed 6016K, reserved 1048576K
}
Event: 1368.007 GC heap before
{Heap before GC invocations=1032 (full 941):
 PSYoungGen      total 63488K, used 46592K [0x00000000f5580000, 0x00000000fa700000, 0x0000000100000000)
  eden space 46592K, 100% used [0x00000000f5580000,0x00000000f8300000,0x00000000f8300000)
  from space 16896K, 0% used [0x00000000f9680000,0x00000000f9680000,0x00000000fa700000)
  to   space 17408K, 0% used [0x00000000f8300000,0x00000000f8300000,0x00000000f9400000)
 ParOldGen       total 349696K, used 349695K [0x00000000e0000000, 0x00000000f5580000, 0x00000000f5580000)
  object space 349696K, 99% used [0x00000000e0000000,0x00000000f557fc70,0x00000000f5580000)
 Metaspace       used 56709K, committed 57664K, reserved 1105920K
  class space    used 5568K, committed 6016K, reserved 1048576K
}
Event: 1369.374 GC heap after
{Heap after GC invocations=1032 (full 941):
 PSYoungGen      total 64000K, used 46591K [0x00000000f5580000, 0x00000000fa700000, 0x0000000100000000)
  eden space 46592K, 99% used [0x00000000f5580000,0x00000000f82fffc0,0x00000000f8300000)
  from space 17408K, 0% used [0x00000000f8300000,0x00000000f8300000,0x00000000f9400000)
  to   space 16896K, 0% used [0x00000000f9680000,0x00000000f9680000,0x00000000fa700000)
 ParOldGen       total 349696K, used 349695K [0x00000000e0000000, 0x00000000f5580000, 0x00000000f5580000)
  object space 349696K, 99% used [0x00000000e0000000,0x00000000f557fc70,0x00000000f5580000)
 Metaspace       used 56709K, committed 57664K, reserved 1105920K
  class space    used 5568K, committed 6016K, reserved 1048576K
}
Event: 1369.374 GC heap before
{Heap before GC invocations=1033 (full 942):
 PSYoungGen      total 64000K, used 46591K [0x00000000f5580000, 0x00000000fa700000, 0x0000000100000000)
  eden space 46592K, 99% used [0x00000000f5580000,0x00000000f82ffff0,0x00000000f8300000)
  from space 17408K, 0% used [0x00000000f8300000,0x00000000f8300000,0x00000000f9400000)
  to   space 16896K, 0% used [0x00000000f9680000,0x00000000f9680000,0x00000000fa700000)
 ParOldGen       total 349696K, used 349695K [0x00000000e0000000, 0x00000000f5580000, 0x00000000f5580000)
  object space 349696K, 99% used [0x00000000e0000000,0x00000000f557fc70,0x00000000f5580000)
 Metaspace       used 56709K, committed 57664K, reserved 1105920K
  class space    used 5568K, committed 6016K, reserved 1048576K
}
Event: 1370.580 GC heap after
{Heap after GC invocations=1033 (full 942):
 PSYoungGen      total 63488K, used 46591K [0x00000000f5580000, 0x00000000fa700000, 0x0000000100000000)
  eden space 46592K, 99% used [0x00000000f5580000,0x00000000f82fffc0,0x00000000f8300000)
  from space 16896K, 0% used [0x00000000f9680000,0x00000000f9680000,0x00000000fa700000)
  to   space 17408K, 0% used [0x00000000f8300000,0x00000000f8300000,0x00000000f9400000)
 ParOldGen       total 349696K, used 349695K [0x00000000e0000000, 0x00000000f5580000, 0x00000000f5580000)
  object space 349696K, 99% used [0x00000000e0000000,0x00000000f557fc70,0x00000000f5580000)
 Metaspace       used 56709K, committed 57664K, reserved 1105920K
  class space    used 5568K, committed 6016K, reserved 1048576K
}
Event: 1370.580 GC heap before
{Heap before GC invocations=1034 (full 943):
 PSYoungGen      total 63488K, used 46591K [0x00000000f5580000, 0x00000000fa700000, 0x0000000100000000)
  eden space 46592K, 99% used [0x00000000f5580000,0x00000000f82fffc0,0x00000000f8300000)
  from space 16896K, 0% used [0x00000000f9680000,0x00000000f9680000,0x00000000fa700000)
  to   space 17408K, 0% used [0x00000000f8300000,0x00000000f8300000,0x00000000f9400000)
 ParOldGen       total 349696K, used 349695K [0x00000000e0000000, 0x00000000f5580000, 0x00000000f5580000)
  object space 349696K, 99% used [0x00000000e0000000,0x00000000f557fc70,0x00000000f5580000)
 Metaspace       used 56709K, committed 57664K, reserved 1105920K
  class space    used 5568K, committed 6016K, reserved 1048576K
}
Event: 1371.892 GC heap after
{Heap after GC invocations=1034 (full 943):
 PSYoungGen      total 64000K, used 46591K [0x00000000f5580000, 0x00000000fa700000, 0x0000000100000000)
  eden space 46592K, 99% used [0x00000000f5580000,0x00000000f82fff58,0x00000000f8300000)
  from space 17408K, 0% used [0x00000000f8300000,0x00000000f8300000,0x00000000f9400000)
  to   space 16896K, 0% used [0x00000000f9680000,0x00000000f9680000,0x00000000fa700000)
 ParOldGen       total 349696K, used 349694K [0x00000000e0000000, 0x00000000f5580000, 0x00000000f5580000)
  object space 349696K, 99% used [0x00000000e0000000,0x00000000f557fa30,0x00000000f5580000)
 Metaspace       used 56709K, committed 57664K, reserved 1105920K
  class space    used 5568K, committed 6016K, reserved 1048576K
}

