# JRE version: OpenJDK Runtime Environment GraalVM CE 22.3.0 (17.0.5+8) (build 17.0.5+8-jvmci-22.3-b08)
# Java VM: OpenJDK 64-Bit Server VM GraalVM CE 22.3.0 (17.0.5+8-jvmci-22.3-b08, mixed mode, sharing, tiered, jvmci, jvmci compiler, compressed oops, compressed class ptrs, parallel gc, linux-amd64)
GC Precious Log:
 CPUs: 8 total, 1 available
 Memory: 1024M
 Large Page Support: Disabled
 NUMA Support: Disabled
 Compressed Oops: Enabled (32-bit)
 Alignments: Space 512K, Generation 512K, Heap 2M
 Heap Min Capacity: 100M
 Heap Initial Capacity: 100M
 Heap Max Capacity: 512M
 Pre-touch: Disabled
 Parallel Workers: 1
Heap:
 PSYoungGen      total 57856K, used 29183K [0x00000000f5580000, 0x00000000fc900000, 0x0000000100000000)
  eden space 29184K, 99% used [0x00000000f5580000,0x00000000f71ffff8,0x00000000f7200000)
  from space 28672K, 0% used [0x00000000f9d00000,0x00000000f9d00000,0x00000000fb900000)
  to   space 44032K, 0% used [0x00000000f7200000,0x00000000f7200000,0x00000000f9d00000)
 ParOldGen       total 349696K, used 349696K [0x00000000e0000000, 0x00000000f5580000, 0x00000000f5580000)
  object space 349696K, 100% used [0x00000000e0000000,0x00000000f5580000,0x00000000f5580000)
 Metaspace       used 60455K, committed 61568K, reserved 1105920K
  class space    used 5515K, committed 6016K, reserved 1048576K
GC Heap History (20 events):
Event: 1796.392 GC heap before
{Heap before GC invocations=987 (full 891):
 PSYoungGen      total 57856K, used 29183K [0x00000000f5580000, 0x00000000fc900000, 0x0000000100000000)
  eden space 29184K, 99% used [0x00000000f5580000,0x00000000f71ffff8,0x00000000f7200000)
  from space 28672K, 0% used [0x00000000f9d00000,0x00000000f9d00000,0x00000000fb900000)
  to   space 44032K, 0% used [0x00000000f7200000,0x00000000f7200000,0x00000000f9d00000)
 ParOldGen       total 349696K, used 349696K [0x00000000e0000000, 0x00000000f5580000, 0x00000000f5580000)
  object space 349696K, 100% used [0x00000000e0000000,0x00000000f5580000,0x00000000f5580000)
 Metaspace       used 60455K, committed 61568K, reserved 1105920K
  class space    used 5515K, committed 6016K, reserved 1048576K
}
Event: 1798.201 GC heap after
{Heap after GC invocations=987 (full 891):
 PSYoungGen      total 73216K, used 29183K [0x00000000f5580000, 0x00000000fc900000, 0x0000000100000000)
  eden space 29184K, 99% used [0x00000000f5580000,0x00000000f71ffff8,0x00000000f7200000)
  from space 44032K, 0% used [0x00000000f7200000,0x00000000f7200000,0x00000000f9d00000)
  to   space 28672K, 0% used [0x00000000f9d00000,0x00000000f9d00000,0x00000000fb900000)
 ParOldGen       total 349696K, used 349696K [0x00000000e0000000, 0x00000000f5580000, 0x00000000f5580000)
  object space 349696K, 100% used [0x00000000e0000000,0x00000000f5580000,0x00000000f5580000)
 Metaspace       used 60455K, committed 61568K, reserved 1105920K
  class space    used 5515K, committed 6016K, reserved 1048576K
}
Event: 1798.205 GC heap before
{Heap before GC invocations=988 (full 892):
 PSYoungGen      total 73216K, used 29183K [0x00000000f5580000, 0x00000000fc900000, 0x0000000100000000)
  eden space 29184K, 99% used [0x00000000f5580000,0x00000000f71ffff8,0x00000000f7200000)
  from space 44032K, 0% used [0x00000000f7200000,0x00000000f7200000,0x00000000f9d00000)
  to   space 28672K, 0% used [0x00000000f9d00000,0x00000000f9d00000,0x00000000fb900000)
 ParOldGen       total 349696K, used 349696K [0x00000000e0000000, 0x00000000f5580000, 0x00000000f5580000)
  object space 349696K, 100% used [0x00000000e0000000,0x00000000f5580000,0x00000000f5580000)
 Metaspace       used 60455K, committed 61568K, reserved 1105920K
  class space    used 5515K, committed 6016K, reserved 1048576K
}
Event: 1799.716 GC heap after
{Heap after GC invocations=988 (full 892):
 PSYoungGen      total 57856K, used 29183K [0x00000000f5580000, 0x00000000fc900000, 0x0000000100000000)
  eden space 29184K, 99% used [0x00000000f5580000,0x00000000f71ffff8,0x00000000f7200000)
  from space 28672K, 0% used [0x00000000f9d00000,0x00000000f9d00000,0x00000000fb900000)
  to   space 44032K, 0% used [0x00000000f7200000,0x00000000f7200000,0x00000000f9d00000)
 ParOldGen       total 349696K, used 349695K [0x00000000e0000000, 0x00000000f5580000, 0x00000000f5580000)
  object space 349696K, 99% used [0x00000000e0000000,0x00000000f557ffe0,0x00000000f5580000)
 Metaspace       used 60455K, committed 61568K, reserved 1105920K
  class space    used 5515K, committed 6016K, reserved 1048576K
}
Event: 1799.717 GC heap before
{Heap before GC invocations=989 (full 893):
 PSYoungGen      total 57856K, used 29183K [0x00000000f5580000, 0x00000000fc900000, 0x0000000100000000)
  eden space 29184K, 99% used [0x00000000f5580000,0x00000000f71ffff8,0x00000000f7200000)
  from space 28672K, 0% used [0x00000000f9d00000,0x00000000f9d00000,0x00000000fb900000)
  to   space 44032K, 0% used [0x00000000f7200000,0x00000000f7200000,0x00000000f9d00000)
 ParOldGen       total 349696K, used 349695K [0x00000000e0000000, 0x00000000f5580000, 0x00000000f5580000)
  object space 349696K, 99% used [0x00000000e0000000,0x00000000f557fff8,0x00000000f5580000)
 Metaspace       used 60455K, committed 61568K, reserved 1105920K
  class space    used 5515K, committed 6016K, reserved 1048576K
}
Event: 1801.596 GC heap after
{Heap after GC invocations=989 (full 893):
 PSYoungGen      total 73216K, used 29183K [0x00000000f5580000, 0x00000000fc900000, 0x0000000100000000)
  eden space 29184K, 99% used [0x00000000f5580000,0x00000000f71ffef8,0x00000000f7200000)
  from space 44032K, 0% used [0x00000000f7200000,0x00000000f7200000,0x00000000f9d00000)
  to   space 28672K, 0% used [0x00000000f9d00000,0x00000000f9d00000,0x00000000fb900000)
 ParOldGen       total 349696K, used 349695K [0x00000000e0000000, 0x00000000f5580000, 0x00000000f5580000)
  object space 349696K, 99% used [0x00000000e0000000,0x00000000f557fcf0,0x00000000f5580000)
 Metaspace       used 60455K, committed 61568K, reserved 1105920K
  class space    used 5515K, committed 6016K, reserved 1048576K
}
Event: 1801.596 GC heap before
{Heap before GC invocations=990 (full 894):
 PSYoungGen      total 73216K, used 29183K [0x00000000f5580000, 0x00000000fc900000, 0x0000000100000000)
  eden space 29184K, 99% used [0x00000000f5580000,0x00000000f71ffff8,0x00000000f7200000)
  from space 44032K, 0% used [0x00000000f7200000,0x00000000f7200000,0x00000000f9d00000)
  to   space 28672K, 0% used [0x00000000f9d00000,0x00000000f9d00000,0x00000000fb900000)
 ParOldGen       total 349696K, used 349695K [0x00000000e0000000, 0x00000000f5580000, 0x00000000f5580000)
  object space 349696K, 99% used [0x00000000e0000000,0x00000000f557fcf0,0x00000000f5580000)
 Metaspace       used 60455K, committed 61568K, reserved 1105920K
  class space    used 5515K, committed 6016K, reserved 1048576K
}
Event: 1803.296 GC heap after
{Heap after GC invocations=990 (full 894):
 PSYoungGen      total 57856K, used 29183K [0x00000000f5580000, 0x00000000fc900000, 0x0000000100000000)
  eden space 29184K, 99% used [0x00000000f5580000,0x00000000f71fff58,0x00000000f7200000)
  from space 28672K, 0% used [0x00000000f9d00000,0x00000000f9d00000,0x00000000fb900000)
  to   space 44032K, 0% used [0x00000000f7200000,0x00000000f7200000,0x00000000f9d00000)
 ParOldGen       total 349696K, used 349695K [0x00000000e0000000, 0x00000000f5580000, 0x00000000f5580000)
  object space 349696K, 99% used [0x00000000e0000000,0x00000000f557fcf0,0x00000000f5580000)
 Metaspace       used 60455K, committed 61568K, reserved 1105920K
  class space    used 5515K, committed 6016K, reserved 1048576K
}
Event: 1803.296 GC heap before
{Heap before GC invocations=991 (full 895):
 PSYoungGen      total 57856K, used 29183K [0x00000000f5580000, 0x00000000fc900000, 0x0000000100000000)
  eden space 29184K, 99% used [0x00000000f5580000,0x00000000f71ffff8,0x00000000f7200000)
  from space 28672K, 0% used [0x00000000f9d00000,0x00000000f9d00000,0x00000000fb900000)
  to   space 44032K, 0% used [0x00000000f7200000,0x00000000f7200000,0x00000000f9d00000)
 ParOldGen       total 349696K, used 349695K [0x00000000e0000000, 0x00000000f5580000, 0x00000000f5580000)
  object space 349696K, 99% used [0x00000000e0000000,0x00000000f557fcf0,0x00000000f5580000)
 Metaspace       used 60455K, committed 61568K, reserved 1105920K
  class space    used 5515K, committed 6016K, reserved 1048576K
}
Event: 1805.017 GC heap after
{Heap after GC invocations=991 (full 895):
 PSYoungGen      total 73216K, used 29183K [0x00000000f5580000, 0x00000000fc900000, 0x0000000100000000)
  eden space 29184K, 99% used [0x00000000f5580000,0x00000000f71fff58,0x00000000f7200000)
  from space 44032K, 0% used [0x00000000f7200000,0x00000000f7200000,0x00000000f9d00000)
  to   space 28672K, 0% used [0x00000000f9d00000,0x00000000f9d00000,0x00000000fb900000)
 ParOldGen       total 349696K, used 349695K [0x00000000e0000000, 0x00000000f5580000, 0x00000000f5580000)
  object space 349696K, 99% used [0x00000000e0000000,0x00000000f557fcf0,0x00000000f5580000)
 Metaspace       used 60455K, committed 61568K, reserved 1105920K
  class space    used 5515K, committed 6016K, reserved 1048576K
}
Event: 1805.017 GC heap before
{Heap before GC invocations=992 (full 896):
 PSYoungGen      total 73216K, used 29183K [0x00000000f5580000, 0x00000000fc900000, 0x0000000100000000)
  eden space 29184K, 99% used [0x00000000f5580000,0x00000000f71ffff8,0x00000000f7200000)
  from space 44032K, 0% used [0x00000000f7200000,0x00000000f7200000,0x00000000f9d00000)
  to   space 28672K, 0% used [0x00000000f9d00000,0x00000000f9d00000,0x00000000fb900000)
 ParOldGen       total 349696K, used 349695K [0x00000000e0000000, 0x00000000f5580000, 0x00000000f5580000)
  object space 349696K, 99% used [0x00000000e0000000,0x00000000f557fcf0,0x00000000f5580000)
 Metaspace       used 60455K, committed 61568K, reserved 1105920K
  class space    used 5515K, committed 6016K, reserved 1048576K
}
Event: 1806.963 GC heap after
{Heap after GC invocations=992 (full 896):
 PSYoungGen      total 57856K, used 29183K [0x00000000f5580000, 0x00000000fc900000, 0x0000000100000000)
  eden space 29184K, 99% used [0x00000000f5580000,0x00000000f71fff58,0x00000000f7200000)
  from space 28672K, 0% used [0x00000000f9d00000,0x00000000f9d00000,0x00000000fb900000)
  to   space 44032K, 0% used [0x00000000f7200000,0x00000000f7200000,0x00000000f9d00000)
 ParOldGen       total 349696K, used 349695K [0x00000000e0000000, 0x00000000f5580000, 0x00000000f5580000)
  object space 349696K, 99% used [0x00000000e0000000,0x00000000f557fcf0,0x00000000f5580000)
 Metaspace       used 60455K, committed 61568K, reserved 1105920K
  class space    used 5515K, committed 6016K, reserved 1048576K
}
Event: 1806.963 GC heap before
{Heap before GC invocations=993 (full 897):
 PSYoungGen      total 57856K, used 29183K [0x00000000f5580000, 0x00000000fc900000, 0x0000000100000000)
  eden space 29184K, 99% used [0x00000000f5580000,0x00000000f71ffff8,0x00000000f7200000)
  from space 28672K, 0% used [0x00000000f9d00000,0x00000000f9d00000,0x00000000fb900000)
  to   space 44032K, 0% used [0x00000000f7200000,0x00000000f7200000,0x00000000f9d00000)
 ParOldGen       total 349696K, used 349695K [0x00000000e0000000, 0x00000000f5580000, 0x00000000f5580000)
  object space 349696K, 99% used [0x00000000e0000000,0x00000000f557fcf0,0x00000000f5580000)
 Metaspace       used 60455K, committed 61568K, reserved 1105920K
  class space    used 5515K, committed 6016K, reserved 1048576K
}
Event: 1808.918 GC heap after
{Heap after GC invocations=993 (full 897):
 PSYoungGen      total 73216K, used 29183K [0x00000000f5580000, 0x00000000fc900000, 0x0000000100000000)
  eden space 29184K, 99% used [0x00000000f5580000,0x00000000f71fff58,0x00000000f7200000)
  from space 44032K, 0% used [0x00000000f7200000,0x00000000f7200000,0x00000000f9d00000)
  to   space 28672K, 0% used [0x00000000f9d00000,0x00000000f9d00000,0x00000000fb900000)
 ParOldGen       total 349696K, used 349695K [0x00000000e0000000, 0x00000000f5580000, 0x00000000f5580000)
  object space 349696K, 99% used [0x00000000e0000000,0x00000000f557fcf0,0x00000000f5580000)
 Metaspace       used 60455K, committed 61568K, reserved 1105920K
  class space    used 5515K, committed 6016K, reserved 1048576K
}
Event: 1808.918 GC heap before
{Heap before GC invocations=994 (full 898):
 PSYoungGen      total 73216K, used 29183K [0x00000000f5580000, 0x00000000fc900000, 0x0000000100000000)
  eden space 29184K, 99% used [0x00000000f5580000,0x00000000f71ffff8,0x00000000f7200000)
  from space 44032K, 0% used [0x00000000f7200000,0x00000000f7200000,0x00000000f9d00000)
  to   space 28672K, 0% used [0x00000000f9d00000,0x00000000f9d00000,0x00000000fb900000)
 ParOldGen       total 349696K, used 349695K [0x00000000e0000000, 0x00000000f5580000, 0x00000000f5580000)
  object space 349696K, 99% used [0x00000000e0000000,0x00000000f557fcf0,0x00000000f5580000)
 Metaspace       used 60455K, committed 61568K, reserved 1105920K
  class space    used 5515K, committed 6016K, reserved 1048576K
}
Event: 1811.022 GC heap after
{Heap after GC invocations=994 (full 898):
 PSYoungGen      total 57856K, used 29183K [0x00000000f5580000, 0x00000000fc900000, 0x0000000100000000)
  eden space 29184K, 99% used [0x00000000f5580000,0x00000000f71fff58,0x00000000f7200000)
  from space 28672K, 0% used [0x00000000f9d00000,0x00000000f9d00000,0x00000000fb900000)
  to   space 44032K, 0% used [0x00000000f7200000,0x00000000f7200000,0x00000000f9d00000)
 ParOldGen       total 349696K, used 349695K [0x00000000e0000000, 0x00000000f5580000, 0x00000000f5580000)
  object space 349696K, 99% used [0x00000000e0000000,0x00000000f557fcf0,0x00000000f5580000)
 Metaspace       used 60455K, committed 61568K, reserved 1105920K
  class space    used 5515K, committed 6016K, reserved 1048576K
}
Event: 1811.022 GC heap before
{Heap before GC invocations=995 (full 899):
 PSYoungGen      total 57856K, used 29183K [0x00000000f5580000, 0x00000000fc900000, 0x0000000100000000)
  eden space 29184K, 99% used [0x00000000f5580000,0x00000000f71fffb0,0x00000000f7200000)
  from space 28672K, 0% used [0x00000000f9d00000,0x00000000f9d00000,0x00000000fb900000)
  to   space 44032K, 0% used [0x00000000f7200000,0x00000000f7200000,0x00000000f9d00000)
 ParOldGen       total 349696K, used 349695K [0x00000000e0000000, 0x00000000f5580000, 0x00000000f5580000)
  object space 349696K, 99% used [0x00000000e0000000,0x00000000f557fcf0,0x00000000f5580000)
 Metaspace       used 60455K, committed 61568K, reserved 1105920K
  class space    used 5515K, committed 6016K, reserved 1048576K
}
Event: 1812.933 GC heap after
{Heap after GC invocations=995 (full 899):
 PSYoungGen      total 73216K, used 29183K [0x00000000f5580000, 0x00000000fc900000, 0x0000000100000000)
  eden space 29184K, 99% used [0x00000000f5580000,0x00000000f71fff70,0x00000000f7200000)
  from space 44032K, 0% used [0x00000000f7200000,0x00000000f7200000,0x00000000f9d00000)
  to   space 28672K, 0% used [0x00000000f9d00000,0x00000000f9d00000,0x00000000fb900000)
 ParOldGen       total 349696K, used 349695K [0x00000000e0000000, 0x00000000f5580000, 0x00000000f5580000)
  object space 349696K, 99% used [0x00000000e0000000,0x00000000f557fcf0,0x00000000f5580000)
 Metaspace       used 60455K, committed 61568K, reserved 1105920K
  class space    used 5515K, committed 6016K, reserved 1048576K
}
Event: 1812.933 GC heap before
{Heap before GC invocations=996 (full 900):
 PSYoungGen      total 73216K, used 29183K [0x00000000f5580000, 0x00000000fc900000, 0x0000000100000000)
  eden space 29184K, 99% used [0x00000000f5580000,0x00000000f71fff70,0x00000000f7200000)
  from space 44032K, 0% used [0x00000000f7200000,0x00000000f7200000,0x00000000f9d00000)
  to   space 28672K, 0% used [0x00000000f9d00000,0x00000000f9d00000,0x00000000fb900000)
 ParOldGen       total 349696K, used 349695K [0x00000000e0000000, 0x00000000f5580000, 0x00000000f5580000)
  object space 349696K, 99% used [0x00000000e0000000,0x00000000f557fcf0,0x00000000f5580000)
 Metaspace       used 60455K, committed 61568K, reserved 1105920K
  class space    used 5515K, committed 6016K, reserved 1048576K
}
Event: 1814.824 GC heap after
{Heap after GC invocations=996 (full 900):
 PSYoungGen      total 57856K, used 29183K [0x00000000f5580000, 0x00000000fc900000, 0x0000000100000000)
  eden space 29184K, 99% used [0x00000000f5580000,0x00000000f71fff70,0x00000000f7200000)
  from space 28672K, 0% used [0x00000000f9d00000,0x00000000f9d00000,0x00000000fb900000)
  to   space 44032K, 0% used [0x00000000f7200000,0x00000000f7200000,0x00000000f9d00000)
 ParOldGen       total 349696K, used 349695K [0x00000000e0000000, 0x00000000f5580000, 0x00000000f5580000)
  object space 349696K, 99% used [0x00000000e0000000,0x00000000f557fcf0,0x00000000f5580000)
 Metaspace       used 60455K, committed 61568K, reserved 1105920K
  class space    used 5515K, committed 6016K, reserved 1048576K
}

