# JRE version: OpenJDK Runtime Environment GraalVM CE 22.3.0 (17.0.5+8) (build 17.0.5+8-jvmci-22.3-b08)
# Java VM: OpenJDK 64-Bit Server VM GraalVM CE 22.3.0 (17.0.5+8-jvmci-22.3-b08, mixed mode, sharing, tiered, jvmci, jvmci compiler, compressed oops, compressed class ptrs, parallel gc, linux-amd64)
GC Precious Log:
 CPUs: 8 total, 1 available
 Memory: 1024M
 Large Page Support: Disabled
 NUMA Support: Disabled
 Compressed Oops: Enabled (32-bit)
 Alignments: Space 512K, Generation 512K, Heap 2M
 Heap Min Capacity: 100M
 Heap Initial Capacity: 100M
 Heap Max Capacity: 512M
 Pre-touch: Disabled
 Parallel Workers: 1
Heap:
 PSYoungGen      total 45056K, used 29183K [0x00000000f5580000, 0x00000000f9200000, 0x0000000100000000)
  eden space 29184K, 99% used [0x00000000f5580000,0x00000000f71ffff8,0x00000000f7200000)
  from space 15872K, 0% used [0x00000000f7200000,0x00000000f7200000,0x00000000f8180000)
  to   space 15360K, 0% used [0x00000000f8200000,0x00000000f8200000,0x00000000f9100000)
 ParOldGen       total 349696K, used 349695K [0x00000000e0000000, 0x00000000f5580000, 0x00000000f5580000)
  object space 349696K, 99% used [0x00000000e0000000,0x00000000f557fdb0,0x00000000f5580000)
 Metaspace       used 58718K, committed 59648K, reserved 1105920K
  class space    used 5225K, committed 5632K, reserved 1048576K
GC Heap History (20 events):
Event: 1281.475 GC heap before
{Heap before GC invocations=659 (full 522):
 PSYoungGen      total 45056K, used 29183K [0x00000000f5580000, 0x00000000f9200000, 0x0000000100000000)
  eden space 29184K, 99% used [0x00000000f5580000,0x00000000f71fffe8,0x00000000f7200000)
  from space 15872K, 0% used [0x00000000f7200000,0x00000000f7200000,0x00000000f8180000)
  to   space 15360K, 0% used [0x00000000f8200000,0x00000000f8200000,0x00000000f9100000)
 ParOldGen       total 349696K, used 349688K [0x00000000e0000000, 0x00000000f5580000, 0x00000000f5580000)
  object space 349696K, 99% used [0x00000000e0000000,0x00000000f557e368,0x00000000f5580000)
 Metaspace       used 58718K, committed 59648K, reserved 1105920K
  class space    used 5225K, committed 5632K, reserved 1048576K
}
Event: 1283.280 GC heap after
{Heap after GC invocations=659 (full 522):
 PSYoungGen      total 44544K, used 29183K [0x00000000f5580000, 0x00000000f9200000, 0x0000000100000000)
  eden space 29184K, 99% used [0x00000000f5580000,0x00000000f71fffe8,0x00000000f7200000)
  from space 15360K, 0% used [0x00000000f8200000,0x00000000f8200000,0x00000000f9100000)
  to   space 15872K, 0% used [0x00000000f7200000,0x00000000f7200000,0x00000000f8180000)
 ParOldGen       total 349696K, used 349688K [0x00000000e0000000, 0x00000000f5580000, 0x00000000f5580000)
  object space 349696K, 99% used [0x00000000e0000000,0x00000000f557e368,0x00000000f5580000)
 Metaspace       used 58718K, committed 59648K, reserved 1105920K
  class space    used 5225K, committed 5632K, reserved 1048576K
}
Event: 1283.280 GC heap before
{Heap before GC invocations=660 (full 523):
 PSYoungGen      total 44544K, used 29183K [0x00000000f5580000, 0x00000000f9200000, 0x0000000100000000)
  eden space 29184K, 99% used [0x00000000f5580000,0x00000000f71ffff8,0x00000000f7200000)
  from space 15360K, 0% used [0x00000000f8200000,0x00000000f8200000,0x00000000f9100000)
  to   space 15872K, 0% used [0x00000000f7200000,0x00000000f7200000,0x00000000f8180000)
 ParOldGen       total 349696K, used 349691K [0x00000000e0000000, 0x00000000f5580000, 0x00000000f5580000)
  object space 349696K, 99% used [0x00000000e0000000,0x00000000f557ee20,0x00000000f5580000)
 Metaspace       used 58718K, committed 59648K, reserved 1105920K
  class space    used 5225K, committed 5632K, reserved 1048576K
}
Event: 1285.084 GC heap after
{Heap after GC invocations=660 (full 523):
 PSYoungGen      total 45056K, used 29183K [0x00000000f5580000, 0x00000000f9200000, 0x0000000100000000)
  eden space 29184K, 99% used [0x00000000f5580000,0x00000000f71fff60,0x00000000f7200000)
  from space 15872K, 0% used [0x00000000f7200000,0x00000000f7200000,0x00000000f8180000)
  to   space 15360K, 0% used [0x00000000f8200000,0x00000000f8200000,0x00000000f9100000)
 ParOldGen       total 349696K, used 349688K [0x00000000e0000000, 0x00000000f5580000, 0x00000000f5580000)
  object space 349696K, 99% used [0x00000000e0000000,0x00000000f557e3f8,0x00000000f5580000)
 Metaspace       used 58718K, committed 59648K, reserved 1105920K
  class space    used 5225K, committed 5632K, reserved 1048576K
}
Event: 1285.085 GC heap before
{Heap before GC invocations=661 (full 524):
 PSYoungGen      total 45056K, used 29183K [0x00000000f5580000, 0x00000000f9200000, 0x0000000100000000)
  eden space 29184K, 99% used [0x00000000f5580000,0x00000000f71ffff0,0x00000000f7200000)
  from space 15872K, 0% used [0x00000000f7200000,0x00000000f7200000,0x00000000f8180000)
  to   space 15360K, 0% used [0x00000000f8200000,0x00000000f8200000,0x00000000f9100000)
 ParOldGen       total 349696K, used 349688K [0x00000000e0000000, 0x00000000f5580000, 0x00000000f5580000)
  object space 349696K, 99% used [0x00000000e0000000,0x00000000f557e3f8,0x00000000f5580000)
 Metaspace       used 58718K, committed 59648K, reserved 1105920K
  class space    used 5225K, committed 5632K, reserved 1048576K
}
Event: 1286.878 GC heap after
{Heap after GC invocations=661 (full 524):
 PSYoungGen      total 44544K, used 29183K [0x00000000f5580000, 0x00000000f9200000, 0x0000000100000000)
  eden space 29184K, 99% used [0x00000000f5580000,0x00000000f71fffd0,0x00000000f7200000)
  from space 15360K, 0% used [0x00000000f8200000,0x00000000f8200000,0x00000000f9100000)
  to   space 15872K, 0% used [0x00000000f7200000,0x00000000f7200000,0x00000000f8180000)
 ParOldGen       total 349696K, used 349688K [0x00000000e0000000, 0x00000000f5580000, 0x00000000f5580000)
  object space 349696K, 99% used [0x00000000e0000000,0x00000000f557e320,0x00000000f5580000)
 Metaspace       used 58718K, committed 59648K, reserved 1105920K
  class space    used 5225K, committed 5632K, reserved 1048576K
}
Event: 1286.879 GC heap before
{Heap before GC invocations=662 (full 525):
 PSYoungGen      total 44544K, used 29183K [0x00000000f5580000, 0x00000000f9200000, 0x0000000100000000)
  eden space 29184K, 99% used [0x00000000f5580000,0x00000000f71ffff8,0x00000000f7200000)
  from space 15360K, 0% used [0x00000000f8200000,0x00000000f8200000,0x00000000f9100000)
  to   space 15872K, 0% used [0x00000000f7200000,0x00000000f7200000,0x00000000f8180000)
 ParOldGen       total 349696K, used 349688K [0x00000000e0000000, 0x00000000f5580000, 0x00000000f5580000)
  object space 349696K, 99% used [0x00000000e0000000,0x00000000f557e320,0x00000000f5580000)
 Metaspace       used 58718K, committed 59648K, reserved 1105920K
  class space    used 5225K, committed 5632K, reserved 1048576K
}
Event: 1288.659 GC heap after
{Heap after GC invocations=662 (full 525):
 PSYoungGen      total 45056K, used 29183K [0x00000000f5580000, 0x00000000f9200000, 0x0000000100000000)
  eden space 29184K, 99% used [0x00000000f5580000,0x00000000f71fffc8,0x00000000f7200000)
  from space 15872K, 0% used [0x00000000f7200000,0x00000000f7200000,0x00000000f8180000)
  to   space 15360K, 0% used [0x00000000f8200000,0x00000000f8200000,0x00000000f9100000)
 ParOldGen       total 349696K, used 349688K [0x00000000e0000000, 0x00000000f5580000, 0x00000000f5580000)
  object space 349696K, 99% used [0x00000000e0000000,0x00000000f557e320,0x00000000f5580000)
 Metaspace       used 58718K, committed 59648K, reserved 1105920K
  class space    used 5225K, committed 5632K, reserved 1048576K
}
Event: 1288.659 GC heap before
{Heap before GC invocations=663 (full 526):
 PSYoungGen      total 45056K, used 29184K [0x00000000f5580000, 0x00000000f9200000, 0x0000000100000000)
  eden space 29184K, 100% used [0x00000000f5580000,0x00000000f7200000,0x00000000f7200000)
  from space 15872K, 0% used [0x00000000f7200000,0x00000000f7200000,0x00000000f8180000)
  to   space 15360K, 0% used [0x00000000f8200000,0x00000000f8200000,0x00000000f9100000)
 ParOldGen       total 349696K, used 349691K [0x00000000e0000000, 0x00000000f5580000, 0x00000000f5580000)
  object space 349696K, 99% used [0x00000000e0000000,0x00000000f557ecc0,0x00000000f5580000)
 Metaspace       used 58718K, committed 59648K, reserved 1105920K
  class space    used 5225K, committed 5632K, reserved 1048576K
}
Event: 1290.491 GC heap after
{Heap after GC invocations=663 (full 526):
 PSYoungGen      total 44544K, used 29184K [0x00000000f5580000, 0x00000000f9200000, 0x0000000100000000)
  eden space 29184K, 100% used [0x00000000f5580000,0x00000000f7200000,0x00000000f7200000)
  from space 15360K, 0% used [0x00000000f8200000,0x00000000f8200000,0x00000000f9100000)
  to   space 15872K, 0% used [0x00000000f7200000,0x00000000f7200000,0x00000000f8180000)
 ParOldGen       total 349696K, used 349690K [0x00000000e0000000, 0x00000000f5580000, 0x00000000f5580000)
  object space 349696K, 99% used [0x00000000e0000000,0x00000000f557ea78,0x00000000f5580000)
 Metaspace       used 58718K, committed 59648K, reserved 1105920K
  class space    used 5225K, committed 5632K, reserved 1048576K
}
Event: 1290.494 GC heap before
{Heap before GC invocations=664 (full 527):
 PSYoungGen      total 44544K, used 29184K [0x00000000f5580000, 0x00000000f9200000, 0x0000000100000000)
  eden space 29184K, 100% used [0x00000000f5580000,0x00000000f7200000,0x00000000f7200000)
  from space 15360K, 0% used [0x00000000f8200000,0x00000000f8200000,0x00000000f9100000)
  to   space 15872K, 0% used [0x00000000f7200000,0x00000000f7200000,0x00000000f8180000)
 ParOldGen       total 349696K, used 349692K [0x00000000e0000000, 0x00000000f5580000, 0x00000000f5580000)
  object space 349696K, 99% used [0x00000000e0000000,0x00000000f557f3c8,0x00000000f5580000)
 Metaspace       used 58718K, committed 59648K, reserved 1105920K
  class space    used 5225K, committed 5632K, reserved 1048576K
}
Event: 1292.282 GC heap after
{Heap after GC invocations=664 (full 527):
 PSYoungGen      total 45056K, used 29184K [0x00000000f5580000, 0x00000000f9200000, 0x0000000100000000)
  eden space 29184K, 100% used [0x00000000f5580000,0x00000000f7200000,0x00000000f7200000)
  from space 15872K, 0% used [0x00000000f7200000,0x00000000f7200000,0x00000000f8180000)
  to   space 15360K, 0% used [0x00000000f8200000,0x00000000f8200000,0x00000000f9100000)
 ParOldGen       total 349696K, used 349691K [0x00000000e0000000, 0x00000000f5580000, 0x00000000f5580000)
  object space 349696K, 99% used [0x00000000e0000000,0x00000000f557efe0,0x00000000f5580000)
 Metaspace       used 58718K, committed 59648K, reserved 1105920K
  class space    used 5225K, committed 5632K, reserved 1048576K
}
Event: 1292.283 GC heap before
{Heap before GC invocations=665 (full 528):
 PSYoungGen      total 45056K, used 29184K [0x00000000f5580000, 0x00000000f9200000, 0x0000000100000000)
  eden space 29184K, 100% used [0x00000000f5580000,0x00000000f7200000,0x00000000f7200000)
  from space 15872K, 0% used [0x00000000f7200000,0x00000000f7200000,0x00000000f8180000)
  to   space 15360K, 0% used [0x00000000f8200000,0x00000000f8200000,0x00000000f9100000)
 ParOldGen       total 349696K, used 349694K [0x00000000e0000000, 0x00000000f5580000, 0x00000000f5580000)
  object space 349696K, 99% used [0x00000000e0000000,0x00000000f557f988,0x00000000f5580000)
 Metaspace       used 58718K, committed 59648K, reserved 1105920K
  class space    used 5225K, committed 5632K, reserved 1048576K
}
Event: 1294.102 GC heap after
{Heap after GC invocations=665 (full 528):
 PSYoungGen      total 44544K, used 29184K [0x00000000f5580000, 0x00000000f9200000, 0x0000000100000000)
  eden space 29184K, 100% used [0x00000000f5580000,0x00000000f7200000,0x00000000f7200000)
  from space 15360K, 0% used [0x00000000f8200000,0x00000000f8200000,0x00000000f9100000)
  to   space 15872K, 0% used [0x00000000f7200000,0x00000000f7200000,0x00000000f8180000)
 ParOldGen       total 349696K, used 349693K [0x00000000e0000000, 0x00000000f5580000, 0x00000000f5580000)
  object space 349696K, 99% used [0x00000000e0000000,0x00000000f557f4f8,0x00000000f5580000)
 Metaspace       used 58718K, committed 59648K, reserved 1105920K
  class space    used 5225K, committed 5632K, reserved 1048576K
}
Event: 1294.103 GC heap before
{Heap before GC invocations=666 (full 529):
 PSYoungGen      total 44544K, used 29184K [0x00000000f5580000, 0x00000000f9200000, 0x0000000100000000)
  eden space 29184K, 100% used [0x00000000f5580000,0x00000000f7200000,0x00000000f7200000)
  from space 15360K, 0% used [0x00000000f8200000,0x00000000f8200000,0x00000000f9100000)
  to   space 15872K, 0% used [0x00000000f7200000,0x00000000f7200000,0x00000000f8180000)
 ParOldGen       total 349696K, used 349694K [0x00000000e0000000, 0x00000000f5580000, 0x00000000f5580000)
  object space 349696K, 99% used [0x00000000e0000000,0x00000000f557fb80,0x00000000f5580000)
 Metaspace       used 58718K, committed 59648K, reserved 1105920K
  class space    used 5225K, committed 5632K, reserved 1048576K
}
Event: 1295.969 GC heap after
{Heap after GC invocations=666 (full 529):
 PSYoungGen      total 45056K, used 29184K [0x00000000f5580000, 0x00000000f9200000, 0x0000000100000000)
  eden space 29184K, 100% used [0x00000000f5580000,0x00000000f7200000,0x00000000f7200000)
  from space 15872K, 0% used [0x00000000f7200000,0x00000000f7200000,0x00000000f8180000)
  to   space 15360K, 0% used [0x00000000f8200000,0x00000000f8200000,0x00000000f9100000)
 ParOldGen       total 349696K, used 349693K [0x00000000e0000000, 0x00000000f5580000, 0x00000000f5580000)
  object space 349696K, 99% used [0x00000000e0000000,0x00000000f557f7b8,0x00000000f5580000)
 Metaspace       used 58718K, committed 59648K, reserved 1105920K
  class space    used 5225K, committed 5632K, reserved 1048576K
}
Event: 1295.969 GC heap before
{Heap before GC invocations=667 (full 530):
 PSYoungGen      total 45056K, used 29184K [0x00000000f5580000, 0x00000000f9200000, 0x0000000100000000)
  eden space 29184K, 100% used [0x00000000f5580000,0x00000000f7200000,0x00000000f7200000)
  from space 15872K, 0% used [0x00000000f7200000,0x00000000f7200000,0x00000000f8180000)
  to   space 15360K, 0% used [0x00000000f8200000,0x00000000f8200000,0x00000000f9100000)
 ParOldGen       total 349696K, used 349694K [0x00000000e0000000, 0x00000000f5580000, 0x00000000f5580000)
  object space 349696K, 99% used [0x00000000e0000000,0x00000000f557fa70,0x00000000f5580000)
 Metaspace       used 58718K, committed 59648K, reserved 1105920K
  class space    used 5225K, committed 5632K, reserved 1048576K
}
Event: 1297.954 GC heap after
{Heap after GC invocations=667 (full 530):
 PSYoungGen      total 44544K, used 29183K [0x00000000f5580000, 0x00000000f9200000, 0x0000000100000000)
  eden space 29184K, 99% used [0x00000000f5580000,0x00000000f71fffc0,0x00000000f7200000)
  from space 15360K, 0% used [0x00000000f8200000,0x00000000f8200000,0x00000000f9100000)
  to   space 15872K, 0% used [0x00000000f7200000,0x00000000f7200000,0x00000000f8180000)
 ParOldGen       total 349696K, used 349694K [0x00000000e0000000, 0x00000000f5580000, 0x00000000f5580000)
  object space 349696K, 99% used [0x00000000e0000000,0x00000000f557f8a8,0x00000000f5580000)
 Metaspace       used 58718K, committed 59648K, reserved 1105920K
  class space    used 5225K, committed 5632K, reserved 1048576K
}
Event: 1297.954 GC heap before
{Heap before GC invocations=668 (full 531):
 PSYoungGen      total 44544K, used 29183K [0x00000000f5580000, 0x00000000f9200000, 0x0000000100000000)
  eden space 29184K, 99% used [0x00000000f5580000,0x00000000f71fffc0,0x00000000f7200000)
  from space 15360K, 0% used [0x00000000f8200000,0x00000000f8200000,0x00000000f9100000)
  to   space 15872K, 0% used [0x00000000f7200000,0x00000000f7200000,0x00000000f8180000)
 ParOldGen       total 349696K, used 349694K [0x00000000e0000000, 0x00000000f5580000, 0x00000000f5580000)
  object space 349696K, 99% used [0x00000000e0000000,0x00000000f557f8a8,0x00000000f5580000)
 Metaspace       used 58718K, committed 59648K, reserved 1105920K
  class space    used 5225K, committed 5632K, reserved 1048576K
}
Event: 1302.697 GC heap after
{Heap after GC invocations=668 (full 531):
 PSYoungGen      total 45056K, used 29183K [0x00000000f5580000, 0x00000000f9200000, 0x0000000100000000)
  eden space 29184K, 99% used [0x00000000f5580000,0x00000000f71fffc0,0x00000000f7200000)
  from space 15872K, 0% used [0x00000000f7200000,0x00000000f7200000,0x00000000f8180000)
  to   space 15360K, 0% used [0x00000000f8200000,0x00000000f8200000,0x00000000f9100000)
 ParOldGen       total 349696K, used 349694K [0x00000000e0000000, 0x00000000f5580000, 0x00000000f5580000)
  object space 349696K, 99% used [0x00000000e0000000,0x00000000f557f8a8,0x00000000f5580000)
 Metaspace       used 58718K, committed 59648K, reserved 1105920K
  class space    used 5225K, committed 5632K, reserved 1048576K
}

